2021-07-03 18:07:365 INFO  CommonFunctions:32 - click [[ChromeDriver: chrome on WINDOWS (ca1eb0ff6bb477e1365e7c469dda844e)] -> xpath: (//a[contains(text(),'Spend & Save')])[1]]
2021-07-03 18:07:389 INFO  CommonFunctions:25 - waiting for element visibilityOf [[ChromeDriver: chrome on WINDOWS (ca1eb0ff6bb477e1365e7c469dda844e)] -> xpath: (//a[contains(text(),'Spend & Save')])[1]]
2021-07-03 18:07:461 INFO  CommonFunctions:28 - element is visible..
2021-07-03 18:07:249 INFO  CommonFunctions:35 - [[ChromeDriver: chrome on WINDOWS (ca1eb0ff6bb477e1365e7c469dda844e)] -> xpath: (//a[contains(text(),'Spend & Save')])[1]] is clicked
2021-07-03 18:07:283 INFO  CommonFunctions:25 - waiting for element visibilityOf [[ChromeDriver: chrome on WINDOWS (ca1eb0ff6bb477e1365e7c469dda844e)] -> xpath: //h2[text()='Aspiration']]
2021-07-03 18:07:331 INFO  CommonFunctions:28 - element is visible..
2021-07-03 18:07:427 INFO  CommonFunctions:41 - verify element Displayed [[ChromeDriver: chrome on WINDOWS (ca1eb0ff6bb477e1365e7c469dda844e)] -> xpath: //h2[text()='Aspiration']]
2021-07-03 18:07:527 INFO  CommonFunctions:25 - waiting for element visibilityOf [[ChromeDriver: chrome on WINDOWS (ca1eb0ff6bb477e1365e7c469dda844e)] -> xpath: //h2[text()='Aspiration Plus']]
2021-07-03 18:07:567 INFO  CommonFunctions:28 - element is visible..
2021-07-03 18:07:583 INFO  CommonFunctions:41 - verify element Displayed [[ChromeDriver: chrome on WINDOWS (ca1eb0ff6bb477e1365e7c469dda844e)] -> xpath: //h2[text()='Aspiration Plus']]
2021-07-03 18:07:727 INFO  CommonFunctions:32 - click [[ChromeDriver: chrome on WINDOWS (ca1eb0ff6bb477e1365e7c469dda844e)] -> xpath: (//button[contains(text(),'Get Aspiration')])[1]]
2021-07-03 18:07:809 INFO  CommonFunctions:25 - waiting for element visibilityOf [[ChromeDriver: chrome on WINDOWS (ca1eb0ff6bb477e1365e7c469dda844e)] -> xpath: (//button[contains(text(),'Get Aspiration')])[1]]
2021-07-03 18:07:849 INFO  CommonFunctions:28 - element is visible..
2021-07-03 18:07:193 INFO  CommonFunctions:35 - [[ChromeDriver: chrome on WINDOWS (ca1eb0ff6bb477e1365e7c469dda844e)] -> xpath: (//button[contains(text(),'Get Aspiration')])[1]] is clicked
2021-07-03 18:07:233 INFO  CommonFunctions:25 - waiting for element visibilityOf [[ChromeDriver: chrome on WINDOWS (ca1eb0ff6bb477e1365e7c469dda844e)] -> xpath: //input[@name='email']]
2021-07-03 18:07:273 INFO  CommonFunctions:28 - element is visible..
2021-07-03 18:07:290 INFO  CommonFunctions:41 - verify element Displayed [[ChromeDriver: chrome on WINDOWS (ca1eb0ff6bb477e1365e7c469dda844e)] -> xpath: //input[@name='email']]
2021-07-03 18:07:356 INFO  Hooks:67 - Verify input modal displayed on Get Aspiration Product is pass
2021-07-03 18:07:150 INFO  CommonFunctions:32 - click [[ChromeDriver: chrome on WINDOWS (693a858cc996884cd9b14fec6774360e)] -> xpath: (//a[contains(text(),'Spend & Save')])[1]]
2021-07-03 18:07:866 INFO  CommonFunctions:25 - waiting for element visibilityOf [[ChromeDriver: chrome on WINDOWS (693a858cc996884cd9b14fec6774360e)] -> xpath: (//a[contains(text(),'Spend & Save')])[1]]
2021-07-03 18:07:906 INFO  CommonFunctions:28 - element is visible..
2021-07-03 18:07:156 INFO  CommonFunctions:35 - [[ChromeDriver: chrome on WINDOWS (693a858cc996884cd9b14fec6774360e)] -> xpath: (//a[contains(text(),'Spend & Save')])[1]] is clicked
2021-07-03 18:07:194 INFO  CommonFunctions:25 - waiting for element visibilityOf [[ChromeDriver: chrome on WINDOWS (693a858cc996884cd9b14fec6774360e)] -> xpath: //h2[text()='Aspiration']]
2021-07-03 18:07:258 INFO  CommonFunctions:28 - element is visible..
2021-07-03 18:07:314 INFO  CommonFunctions:41 - verify element Displayed [[ChromeDriver: chrome on WINDOWS (693a858cc996884cd9b14fec6774360e)] -> xpath: //h2[text()='Aspiration']]
2021-07-03 18:07:466 INFO  CommonFunctions:25 - waiting for element visibilityOf [[ChromeDriver: chrome on WINDOWS (693a858cc996884cd9b14fec6774360e)] -> xpath: //h2[text()='Aspiration Plus']]
2021-07-03 18:07:673 INFO  CommonFunctions:28 - element is visible..
2021-07-03 18:07:693 INFO  CommonFunctions:41 - verify element Displayed [[ChromeDriver: chrome on WINDOWS (693a858cc996884cd9b14fec6774360e)] -> xpath: //h2[text()='Aspiration Plus']]
2021-07-03 18:07:766 INFO  CommonFunctions:32 - click [[ChromeDriver: chrome on WINDOWS (693a858cc996884cd9b14fec6774360e)] -> xpath: //button[contains(text(),'Get Aspiration Plus')]]
2021-07-03 18:07:790 INFO  CommonFunctions:25 - waiting for element visibilityOf [[ChromeDriver: chrome on WINDOWS (693a858cc996884cd9b14fec6774360e)] -> xpath: //button[contains(text(),'Get Aspiration Plus')]]
2021-07-03 18:07:838 INFO  CommonFunctions:28 - element is visible..
2021-07-03 18:07:126 INFO  CommonFunctions:35 - [[ChromeDriver: chrome on WINDOWS (693a858cc996884cd9b14fec6774360e)] -> xpath: //button[contains(text(),'Get Aspiration Plus')]] is clicked
2021-07-03 18:07:154 INFO  CommonFunctions:25 - waiting for element visibilityOf [[ChromeDriver: chrome on WINDOWS (693a858cc996884cd9b14fec6774360e)] -> xpath: //h3[contains(text(),'Yearly')]/following-sibling::p/b]
2021-07-03 18:07:222 INFO  CommonFunctions:28 - element is visible..
2021-07-03 18:07:257 INFO  CommonFunctions:47 - verify element [[ChromeDriver: chrome on WINDOWS (693a858cc996884cd9b14fec6774360e)] -> xpath: //h3[contains(text(),'Yearly')]/following-sibling::p/b]
2021-07-03 18:07:281 INFO  CommonFunctions:25 - waiting for element visibilityOf [[ChromeDriver: chrome on WINDOWS (693a858cc996884cd9b14fec6774360e)] -> xpath: //h3[contains(text(),'Yearly')]/following-sibling::p/b]
2021-07-03 18:07:347 INFO  CommonFunctions:28 - element is visible..
2021-07-03 18:07:363 INFO  CommonFunctions:49 - matching element [[ChromeDriver: chrome on WINDOWS (693a858cc996884cd9b14fec6774360e)] -> xpath: //h3[contains(text(),'Yearly')]/following-sibling::p/b]
2021-07-03 18:07:487 INFO  CommonFunctions:25 - waiting for element visibilityOf [[ChromeDriver: chrome on WINDOWS (693a858cc996884cd9b14fec6774360e)] -> xpath: //h3[contains(text(),'Monthly')]/following-sibling::p/b]
2021-07-03 18:07:548 INFO  CommonFunctions:28 - element is visible..
2021-07-03 18:07:564 INFO  CommonFunctions:47 - verify element [[ChromeDriver: chrome on WINDOWS (693a858cc996884cd9b14fec6774360e)] -> xpath: //h3[contains(text(),'Monthly')]/following-sibling::p/b]
2021-07-03 18:07:596 INFO  CommonFunctions:25 - waiting for element visibilityOf [[ChromeDriver: chrome on WINDOWS (693a858cc996884cd9b14fec6774360e)] -> xpath: //h3[contains(text(),'Monthly')]/following-sibling::p/b]
2021-07-03 18:07:649 INFO  CommonFunctions:28 - element is visible..
2021-07-03 18:07:665 INFO  CommonFunctions:49 - matching element [[ChromeDriver: chrome on WINDOWS (693a858cc996884cd9b14fec6774360e)] -> xpath: //h3[contains(text(),'Monthly')]/following-sibling::p/b]
2021-07-03 18:07:755 INFO  Hooks:67 - Verify the modals displayed on Get Aspiration Product is pass
